<?xml version="1.0" encoding="UTF-8"?>
<testsuite name="tests.simple.PositiveTests" tests="10" skipped="0" failures="0" errors="0" timestamp="2022-10-10T13:20:17" hostname="MacBook-Pro-Macbook.local" time="0.248">
  <properties/>
  <testcase name="test10()" classname="tests.simple.PositiveTests" time="0.063"/>
  <testcase name="test1()" classname="tests.simple.PositiveTests" time="0.004"/>
  <testcase name="test2()" classname="tests.simple.PositiveTests" time="0.009"/>
  <testcase name="test3()" classname="tests.simple.PositiveTests" time="0.019"/>
  <testcase name="test4()" classname="tests.simple.PositiveTests" time="0.005"/>
  <testcase name="test5()" classname="tests.simple.PositiveTests" time="0.028"/>
  <testcase name="test6()" classname="tests.simple.PositiveTests" time="0.004"/>
  <testcase name="test7()" classname="tests.simple.PositiveTests" time="0.037"/>
  <testcase name="test8()" classname="tests.simple.PositiveTests" time="0.005"/>
  <testcase name="test9()" classname="tests.simple.PositiveTests" time="0.007"/>
  <system-out><![CDATA[]]></system-out>
  <system-err><![CDATA[]]></system-err>
</testsuite>
